<?xml version="1.0" encoding="UTF-8" ?>
<testsuite tests="6" failures="0" name="runner.TestRunner" time="0.683" errors="0" skipped="0">
  <properties>
[...]
</properties>
  <testcase classname="| Countdown_Success_1 | 3 | works | 1 | 6 |" name="Given user is on timer page" time="0.005"/>
  <testcase classname="| Countdown_Success_1 | 3 | works | 1 | 6 |" name="When user enters 3 in timer" time="0"/>
  <testcase classname="| Countdown_Success_1 | 3 | works | 1 | 6 |" name="And user clicks the go button" time="0"/>
  <testcase classname="| Countdown_Success_1 | 3 | works | 1 | 6 |" name="And user leaves the timer running for maximum 6 seconds" time="0.001"/>
  <testcase classname="| Countdown_Success_1 | 3 | works | 1 | 6 |" name="Then the timer works and it decreses by 1 seconds" time="0"/>
  <testcase classname="| Countdown_Success_1 | 3 | works | 1 | 6 |" name="| Countdown_Success_1 | 3 | works | 1 | 6 |" time="0.677"/>
</testsuite>